[2023-06-17T04:55:26.214Z] info: Can't find /api/v1/users/signup on this server! 🧨 || undefined undefined
[2023-06-17T05:33:59.639Z] info: Email already exists || undefined undefined
[2023-06-18T18:11:59.298Z] info: Email already exists || undefined undefined
[2023-06-18T18:20:23.196Z] info: WHERE parameter "id" has invalid "undefined" value || undefined undefined
[2023-06-18T18:21:12.837Z] info: You are not logged in! Please log in to get access. || undefined undefined
[2023-06-18T18:21:40.763Z] info: You are not logged in! Please log in to get access. || undefined undefined
[2023-06-18T19:41:21.872Z] info: jwt expired || undefined undefined
[2023-06-18T19:42:38.417Z] info: la sintaxis de entrada no es válida para tipo timestamp with time zone: «Invalid date» || undefined undefined
[2023-06-18T19:45:28.597Z] info: The user belonging to this token does no longer exist. || undefined undefined
[2023-06-18T19:48:42.609Z] info: You do not have permission to perform this action || undefined undefined
[2023-06-18T20:01:21.365Z] info: User is not defined || undefined undefined
[2023-06-18T20:01:58.934Z] info: bcrypt is not defined || undefined undefined
[2023-06-18T20:03:47.128Z] info: next is not defined || undefined undefined
[2023-06-18T20:04:03.501Z] info: Incorrect email/password || undefined undefined
[2023-06-18T20:08:57.830Z] info: You are not logged in! Please log in to get access. || undefined undefined
[2023-06-18T20:09:38.029Z] info: You do not have permission to perform this action || undefined undefined
[2023-06-18T20:12:54.943Z] info: You do not have permission to perform this action || undefined undefined
[2023-06-18T20:25:09.972Z] info: Repair not found || undefined undefined
[2023-06-18T20:29:58.352Z] info: Cannot read properties of undefined (reading 'id') || undefined undefined
[2023-06-18T20:30:02.789Z] info: Cannot read properties of undefined (reading 'id') || undefined undefined
[2023-06-18T20:37:39.585Z] info: You not are the owner of this account! || undefined undefined
[2023-06-18T20:40:02.973Z] info: WHERE parameter "id" has invalid "undefined" value || undefined undefined
[2023-06-18T20:40:32.153Z] info: You not are the owner of this account! || undefined undefined
